<?xml version="1.0" encoding="UTF-8"?>
<!-- Generated by org.testng.reporters.JUnitXMLReporter -->
<testsuite hostname="nb550" ignored="1" name="aqa" tests="1" failures="0" timestamp="2022-10-18T09:19:53 EEST" time="115.033" errors="0">
  <testcase name="testAgeUserCanPlay" time="114.998" classname="net.absoft.mortalcombar.AgeCheckerTest"/>
  <testcase name="testThatTooYoungUsersCanNotPlay" time="0.0" classname="net.absoft.mortalcombar.AgeCheckerTest">
    <ignored/>
  </testcase> <!-- testThatTooYoungUsersCanNotPlay -->
</testsuite> <!-- aqa -->
