<?xml version="1.0" encoding="UTF-8"?>
<testng-results skipped="0" failed="0" ignored="1" total="2" passed="1">
  <reporter-output>
  </reporter-output>
  <suite name="Default Suite" duration-ms="115033" started-at="2022-10-18T09:17:58 EEST" finished-at="2022-10-18T09:19:53 EEST">
    <groups>
    </groups>
    <test name="aqa" duration-ms="115033" started-at="2022-10-18T09:17:58 EEST" finished-at="2022-10-18T09:19:53 EEST">
      <class name="net.absoft.mortalcombar.AgeCheckerTest">
        <test-method status="PASS" signature="testAgeUserCanPlay()[pri:0, instance:net.absoft.mortalcombar.AgeCheckerTest@6d7b4f4c]" name="testAgeUserCanPlay" duration-ms="114998" started-at="2022-10-18T09:17:58 EEST" finished-at="2022-10-18T09:19:53 EEST">
          <reporter-output>
          </reporter-output>
        </test-method> <!-- testAgeUserCanPlay -->
      </class> <!-- net.absoft.mortalcombar.AgeCheckerTest -->
    </test> <!-- aqa -->
  </suite> <!-- Default Suite -->
</testng-results>
